<?xml version="1.0" encoding="UTF-8"?>
<!-- Generated by org.testng.reporters.JUnitXMLReporter -->
<testsuite ignored="4" hostname="Mohammads-MacBook-Air.local" failures="0" tests="3" name="Test" time="10.671" errors="0" timestamp="2024-08-12T23:01:57 IST">
  <testcase classname="testCases.TestLogginInAsAdmin" name="verifyLoginAccuracy" time="1.835"/>
  <testcase classname="testCases.TestLoggingInWithRandomCreds" name="loginAsRandomUser" time="0.49"/>
  <testcase classname="testCases.TestLoggingInWithRandomCreds" name="verifyLogin" time="0.704"/>
  <testcase classname="testBase.BaseTest" name="@AfterSuite flush" time="0.0">
    <ignored/>
  </testcase> <!-- @AfterSuite flush -->
  <testcase classname="testBase.BaseTest" name="@BeforeSuite setUp" time="0.0">
    <ignored/>
  </testcase> <!-- @BeforeSuite setUp -->
  <testcase classname="testBase.BaseTest" name="@AfterSuite flush" time="0.0">
    <ignored/>
  </testcase> <!-- @AfterSuite flush -->
  <testcase classname="testBase.BaseTest" name="@BeforeSuite setUp" time="0.0">
    <ignored/>
  </testcase> <!-- @BeforeSuite setUp -->
</testsuite> <!-- Test -->
