<?xml version="1.0" encoding="UTF-8"?>
<testng-results ignored="0" total="3" passed="2" failed="1" skipped="0">
  <reporter-output>
  </reporter-output>
  <suite started-at="2024-08-13T00:40:25 IST" name="Suite" finished-at="2024-08-13T00:40:36 IST" duration-ms="10298">
    <groups>
    </groups>
    <test started-at="2024-08-13T00:40:25 IST" name="Test" finished-at="2024-08-13T00:40:36 IST" duration-ms="10298">
      <class name="testCases.TestLogginInAsAdmin">
        <test-method is-config="true" signature="launchBrowser()[pri:0, instance:testCases.TestLogginInAsAdmin@4fad94a7]" started-at="2024-08-13T00:40:32 IST" name="launchBrowser" finished-at="2024-08-13T00:40:35 IST" duration-ms="3380" status="PASS">
          <reporter-output>
          </reporter-output>
        </test-method> <!-- launchBrowser -->
        <test-method signature="verifyLoginAccuracy()[pri:0, instance:testCases.TestLogginInAsAdmin@4fad94a7]" started-at="2024-08-13T00:40:35 IST" name="verifyLoginAccuracy" finished-at="2024-08-13T00:40:35 IST" duration-ms="1" status="FAIL">
          <exception class="java.lang.NullPointerException">
            <full-stacktrace>
              <![CDATA[java.lang.NullPointerException
at testCases.TestLogginInAsAdmin.verifyLoginAccuracy(TestLogginInAsAdmin.java:26)
at java.base/jdk.internal.reflect.NativeMethodAccessorImpl.invoke0(Native Method)
at java.base/jdk.internal.reflect.NativeMethodAccessorImpl.invoke(NativeMethodAccessorImpl.java:62)
at java.base/jdk.internal.reflect.DelegatingMethodAccessorImpl.invoke(DelegatingMethodAccessorImpl.java:43)
at java.base/java.lang.reflect.Method.invoke(Method.java:566)
at org.testng.internal.invokers.MethodInvocationHelper.invokeMethod(MethodInvocationHelper.java:139)
at org.testng.internal.invokers.TestInvoker.invokeMethod(TestInvoker.java:664)
at org.testng.internal.invokers.TestInvoker.invokeTestMethod(TestInvoker.java:228)
at org.testng.internal.invokers.MethodRunner.runInSequence(MethodRunner.java:63)
at org.testng.internal.invokers.TestInvoker$MethodInvocationAgent.invoke(TestInvoker.java:961)
at org.testng.internal.invokers.TestInvoker.invokeTestMethods(TestInvoker.java:201)
at org.testng.internal.invokers.TestMethodWorker.invokeTestMethods(TestMethodWorker.java:148)
at org.testng.internal.invokers.TestMethodWorker.run(TestMethodWorker.java:128)
at java.base/java.util.ArrayList.forEach(ArrayList.java:1541)
at org.testng.TestRunner.privateRun(TestRunner.java:819)
at org.testng.TestRunner.run(TestRunner.java:619)
at org.testng.SuiteRunner.runTest(SuiteRunner.java:443)
at org.testng.SuiteRunner.runSequentially(SuiteRunner.java:437)
at org.testng.SuiteRunner.privateRun(SuiteRunner.java:397)
at org.testng.SuiteRunner.run(SuiteRunner.java:336)
at org.testng.SuiteRunnerWorker.runSuite(SuiteRunnerWorker.java:52)
at org.testng.SuiteRunnerWorker.run(SuiteRunnerWorker.java:95)
at org.testng.TestNG.runSuitesSequentially(TestNG.java:1301)
at org.testng.TestNG.runSuitesLocally(TestNG.java:1228)
at org.testng.TestNG.runSuites(TestNG.java:1134)
at org.testng.TestNG.run(TestNG.java:1101)
at org.testng.remote.AbstractRemoteTestNG.run(AbstractRemoteTestNG.java:115)
at org.testng.remote.RemoteTestNG.initAndRun(RemoteTestNG.java:293)
at org.testng.remote.RemoteTestNG.main(RemoteTestNG.java:91)
]]>
            </full-stacktrace>
          </exception> <!-- java.lang.NullPointerException -->
          <reporter-output>
          </reporter-output>
        </test-method> <!-- verifyLoginAccuracy -->
        <test-method is-config="true" signature="quitBrowser()[pri:0, instance:testCases.TestLogginInAsAdmin@4fad94a7]" started-at="2024-08-13T00:40:35 IST" name="quitBrowser" finished-at="2024-08-13T00:40:35 IST" duration-ms="92" status="PASS">
          <reporter-output>
          </reporter-output>
        </test-method> <!-- quitBrowser -->
      </class> <!-- testCases.TestLogginInAsAdmin -->
      <class name="testCases.TestLoggingInWithRandomCreds">
        <test-method is-config="true" signature="setUp()[pri:0, instance:testCases.TestLoggingInWithRandomCreds@3c0fae6c]" started-at="2024-08-13T00:40:25 IST" name="setUp" finished-at="2024-08-13T00:40:25 IST" duration-ms="18" status="PASS">
          <reporter-output>
          </reporter-output>
        </test-method> <!-- setUp -->
        <test-method is-config="true" signature="setTest()[pri:0, instance:testCases.TestLoggingInWithRandomCreds@3c0fae6c]" started-at="2024-08-13T00:40:25 IST" name="setTest" finished-at="2024-08-13T00:40:25 IST" duration-ms="141" status="PASS">
          <reporter-output>
          </reporter-output>
        </test-method> <!-- setTest -->
        <test-method is-config="true" signature="launchBrowser()[pri:0, instance:testCases.TestLoggingInWithRandomCreds@3c0fae6c]" started-at="2024-08-13T00:40:25 IST" name="launchBrowser" finished-at="2024-08-13T00:40:30 IST" duration-ms="5070" status="PASS">
          <reporter-output>
          </reporter-output>
        </test-method> <!-- launchBrowser -->
        <test-method signature="loginAsRandomUser()[pri:0, instance:testCases.TestLoggingInWithRandomCreds@3c0fae6c]" started-at="2024-08-13T00:40:30 IST" name="loginAsRandomUser" finished-at="2024-08-13T00:40:31 IST" duration-ms="506" status="PASS">
          <reporter-output>
          </reporter-output>
        </test-method> <!-- loginAsRandomUser -->
        <test-method signature="verifyLogin()[pri:0, instance:testCases.TestLoggingInWithRandomCreds@3c0fae6c]" started-at="2024-08-13T00:40:31 IST" name="verifyLogin" finished-at="2024-08-13T00:40:32 IST" depends-on-methods="testCases.TestLoggingInWithRandomCreds.loginAsRandomUser" duration-ms="645" status="PASS">
          <reporter-output>
          </reporter-output>
        </test-method> <!-- verifyLogin -->
        <test-method is-config="true" signature="quitBrowser()[pri:0, instance:testCases.TestLoggingInWithRandomCreds@3c0fae6c]" started-at="2024-08-13T00:40:32 IST" name="quitBrowser" finished-at="2024-08-13T00:40:32 IST" duration-ms="106" status="PASS">
          <reporter-output>
          </reporter-output>
        </test-method> <!-- quitBrowser -->
        <test-method is-config="true" signature="quit()[pri:0, instance:testCases.TestLoggingInWithRandomCreds@3c0fae6c]" started-at="2024-08-13T00:40:35 IST" name="quit" finished-at="2024-08-13T00:40:36 IST" duration-ms="306" status="PASS">
          <reporter-output>
          </reporter-output>
        </test-method> <!-- quit -->
      </class> <!-- testCases.TestLoggingInWithRandomCreds -->
    </test> <!-- Test -->
  </suite> <!-- Suite -->
</testng-results>
