<?xml version="1.0" encoding="UTF-8"?>
<testng-results ignored="0" total="3" passed="3" failed="0" skipped="0">
  <reporter-output>
  </reporter-output>
  <suite started-at="2024-08-12T17:00:31 IST" name="Suite" finished-at="2024-08-12T17:00:42 IST" duration-ms="10975">
    <groups>
    </groups>
    <test started-at="2024-08-12T17:00:31 IST" name="Test" finished-at="2024-08-12T17:00:42 IST" duration-ms="10975">
      <class name="testCases.TestLogginInAsAdmin">
        <test-method is-config="true" signature="launchBrowser()[pri:0, instance:testCases.TestLogginInAsAdmin@25ddbbbb]" started-at="2024-08-12T17:00:31 IST" name="launchBrowser" finished-at="2024-08-12T17:00:35 IST" duration-ms="4334" status="PASS">
          <reporter-output>
          </reporter-output>
        </test-method> <!-- launchBrowser -->
        <test-method signature="verifyLoginAccuracy()[pri:0, instance:testCases.TestLogginInAsAdmin@25ddbbbb]" started-at="2024-08-12T17:00:35 IST" name="verifyLoginAccuracy" finished-at="2024-08-12T17:00:37 IST" duration-ms="1632" status="PASS">
          <reporter-output>
          </reporter-output>
        </test-method> <!-- verifyLoginAccuracy -->
        <test-method is-config="true" signature="quitBrowser()[pri:0, instance:testCases.TestLogginInAsAdmin@25ddbbbb]" started-at="2024-08-12T17:00:37 IST" name="quitBrowser" finished-at="2024-08-12T17:00:37 IST" duration-ms="96" status="PASS">
          <reporter-output>
          </reporter-output>
        </test-method> <!-- quitBrowser -->
      </class> <!-- testCases.TestLogginInAsAdmin -->
      <class name="testCases.TestLoggingInWithRandomCreds">
        <test-method is-config="true" signature="launchBrowser()[pri:0, instance:testCases.TestLoggingInWithRandomCreds@743cb8e0]" started-at="2024-08-12T17:00:37 IST" name="launchBrowser" finished-at="2024-08-12T17:00:40 IST" duration-ms="3221" status="PASS">
          <reporter-output>
          </reporter-output>
        </test-method> <!-- launchBrowser -->
        <test-method signature="loginAsRandomUser()[pri:0, instance:testCases.TestLoggingInWithRandomCreds@743cb8e0]" started-at="2024-08-12T17:00:40 IST" name="loginAsRandomUser" finished-at="2024-08-12T17:00:42 IST" duration-ms="1562" status="PASS">
          <reporter-output>
          </reporter-output>
        </test-method> <!-- loginAsRandomUser -->
        <test-method signature="verifyLogin()[pri:0, instance:testCases.TestLoggingInWithRandomCreds@743cb8e0]" started-at="2024-08-12T17:00:42 IST" name="verifyLogin" finished-at="2024-08-12T17:00:42 IST" depends-on-methods="testCases.TestLoggingInWithRandomCreds.loginAsRandomUser" duration-ms="7" status="PASS">
          <reporter-output>
          </reporter-output>
        </test-method> <!-- verifyLogin -->
        <test-method is-config="true" signature="quitBrowser()[pri:0, instance:testCases.TestLoggingInWithRandomCreds@743cb8e0]" started-at="2024-08-12T17:00:42 IST" name="quitBrowser" finished-at="2024-08-12T17:00:42 IST" duration-ms="89" status="PASS">
          <reporter-output>
          </reporter-output>
        </test-method> <!-- quitBrowser -->
      </class> <!-- testCases.TestLoggingInWithRandomCreds -->
    </test> <!-- Test -->
  </suite> <!-- Suite -->
</testng-results>
